<?xml version="1.0" encoding="UTF-8"?>
<!-- Generated by org.testng.reporters.JUnitXMLReporter -->
<testsuite ignored="0" hostname="CDC2-L-8VBWT93" failures="0" tests="3" name="Default test" time="6.584" errors="0" timestamp="2021-10-24T13:05:57 IST">
  <testcase classname="seleniumproject.Seleniumclass" name="loginPageTest" time="1.279"/>
  <testcase classname="seleniumproject.Seleniumclass" name="addBuildServerTest" time="0.581"/>
  <testcase classname="seleniumproject.Seleniumclass" name="addPipelineTest" time="0.454"/>
</testsuite> <!-- Default test -->
