<?xml version="1.0" encoding="UTF-8"?>
<testng-results ignored="0" total="3" passed="3" failed="0" skipped="0">
  <reporter-output>
  </reporter-output>
  <suite started-at="2021-10-24T13:05:50 IST" name="Default suite" finished-at="2021-10-24T13:05:57 IST" duration-ms="6584">
    <groups>
    </groups>
    <test started-at="2021-10-24T13:05:50 IST" name="Default test" finished-at="2021-10-24T13:05:57 IST" duration-ms="6584">
      <class name="seleniumproject.Seleniumclass">
        <test-method is-config="true" signature="launchApplication()[pri:0, instance:seleniumproject.Seleniumclass@72cde7cc]" started-at="2021-10-24T13:05:50 IST" name="launchApplication" finished-at="2021-10-24T13:05:55 IST" duration-ms="4233" status="PASS">
          <reporter-output>
          </reporter-output>
        </test-method> <!-- launchApplication -->
        <test-method signature="loginPageTest()[pri:1, instance:seleniumproject.Seleniumclass@72cde7cc]" started-at="2021-10-24T13:05:55 IST" name="loginPageTest" finished-at="2021-10-24T13:05:56 IST" duration-ms="1279" status="PASS">
          <reporter-output>
          </reporter-output>
        </test-method> <!-- loginPageTest -->
        <test-method signature="addBuildServerTest()[pri:2, instance:seleniumproject.Seleniumclass@72cde7cc]" started-at="2021-10-24T13:05:56 IST" name="addBuildServerTest" finished-at="2021-10-24T13:05:56 IST" duration-ms="581" status="PASS">
          <reporter-output>
          </reporter-output>
        </test-method> <!-- addBuildServerTest -->
        <test-method signature="addPipelineTest()[pri:3, instance:seleniumproject.Seleniumclass@72cde7cc]" started-at="2021-10-24T13:05:56 IST" name="addPipelineTest" finished-at="2021-10-24T13:05:57 IST" duration-ms="454" status="PASS">
          <reporter-output>
          </reporter-output>
        </test-method> <!-- addPipelineTest -->
      </class> <!-- seleniumproject.Seleniumclass -->
    </test> <!-- Default test -->
  </suite> <!-- Default suite -->
</testng-results>
