<?xml version="1.0" encoding="UTF-8"?>
<testng-results ignored="0" total="2" passed="2" failed="0" skipped="0">
  <reporter-output>
  </reporter-output>
  <suite started-at="2021-10-24T00:09:04 IST" name="Suite" finished-at="2021-10-24T00:09:14 IST" duration-ms="9607">
    <groups>
    </groups>
    <test started-at="2021-10-24T00:09:04 IST" name="Test" finished-at="2021-10-24T00:09:14 IST" duration-ms="9607">
      <class name="seleniumproject.Seleniumclass">
        <test-method signature="addBuildServerTest()[pri:0, instance:seleniumproject.Seleniumclass@2cdd0d4b]" started-at="2021-10-24T00:09:04 IST" name="addBuildServerTest" finished-at="2021-10-24T00:09:09 IST" duration-ms="5142" status="PASS">
          <reporter-output>
          </reporter-output>
        </test-method> <!-- addBuildServerTest -->
        <test-method signature="loginPageTest()[pri:0, instance:seleniumproject.Seleniumclass@2cdd0d4b]" started-at="2021-10-24T00:09:09 IST" name="loginPageTest" finished-at="2021-10-24T00:09:14 IST" duration-ms="4408" status="PASS">
          <reporter-output>
          </reporter-output>
        </test-method> <!-- loginPageTest -->
      </class> <!-- seleniumproject.Seleniumclass -->
    </test> <!-- Test -->
  </suite> <!-- Suite -->
</testng-results>
